<?xml version="1.0" encoding="UTF-8"?>
<testng-results ignored="0" total="1" passed="1" failed="0" skipped="0">
  <reporter-output>
  </reporter-output>
  <suite started-at="2024-06-19T10:05:23 IST" name="Suite" finished-at="2024-06-19T10:06:30 IST" duration-ms="67445">
    <groups>
    </groups>
    <test started-at="2024-06-19T10:05:23 IST" name="Test" finished-at="2024-06-19T10:06:30 IST" duration-ms="67445">
      <class name="opencartTestCases.CheckoutTest">
        <test-method is-config="true" signature="invokeBrowser(java.lang.String)[pri:0, instance:opencartTestCases.CheckoutTest@5f049ea1]" started-at="2024-06-19T10:05:23 IST" name="invokeBrowser" finished-at="2024-06-19T10:05:29 IST" duration-ms="6405" status="PASS">
          <params>
            <param index="0">
              <value>
                <![CDATA[chrome]]>
              </value>
            </param>
          </params>
          <reporter-output>
          </reporter-output>
        </test-method> <!-- invokeBrowser -->
        <test-method is-config="true" signature="startTest()[pri:0, instance:opencartTestCases.CheckoutTest@5f049ea1]" started-at="2024-06-19T10:05:29 IST" name="startTest" finished-at="2024-06-19T10:05:29 IST" duration-ms="144" status="PASS">
          <reporter-output>
          </reporter-output>
        </test-method> <!-- startTest -->
        <test-method is-config="true" signature="loginAndCartTC()[pri:0, instance:opencartTestCases.CheckoutTest@5f049ea1]" started-at="2024-06-19T10:05:29 IST" name="loginAndCartTC" finished-at="2024-06-19T10:06:12 IST" duration-ms="42824" status="PASS">
          <reporter-output>
          </reporter-output>
        </test-method> <!-- loginAndCartTC -->
        <test-method signature="checkoutTC()[pri:0, instance:opencartTestCases.CheckoutTest@5f049ea1]" started-at="2024-06-19T10:06:12 IST" name="checkoutTC" finished-at="2024-06-19T10:06:25 IST" duration-ms="12545" status="PASS">
          <reporter-output>
          </reporter-output>
        </test-method> <!-- checkoutTC -->
        <test-method is-config="true" signature="logout()[pri:0, instance:opencartTestCases.CheckoutTest@5f049ea1]" started-at="2024-06-19T10:06:25 IST" name="logout" finished-at="2024-06-19T10:06:26 IST" duration-ms="824" status="PASS">
          <reporter-output>
          </reporter-output>
        </test-method> <!-- logout -->
        <test-method is-config="true" signature="endTest()[pri:0, instance:opencartTestCases.CheckoutTest@5f049ea1]" started-at="2024-06-19T10:06:26 IST" name="endTest" finished-at="2024-06-19T10:06:26 IST" duration-ms="231" status="PASS">
          <reporter-output>
          </reporter-output>
        </test-method> <!-- endTest -->
        <test-method is-config="true" signature="close()[pri:0, instance:opencartTestCases.CheckoutTest@5f049ea1]" started-at="2024-06-19T10:06:26 IST" name="close" finished-at="2024-06-19T10:06:30 IST" duration-ms="4275" status="PASS">
          <reporter-output>
          </reporter-output>
        </test-method> <!-- close -->
      </class> <!-- opencartTestCases.CheckoutTest -->
    </test> <!-- Test -->
  </suite> <!-- Suite -->
</testng-results>
